

============================== 2023-03-31 06:54:45.832474 | 9e38ec8b-5c35-484a-96df-98f37def03d4 ==============================
[0m06:54:45.832474 [info ] [MainThread]: Running with dbt=1.4.5
[0m06:54:45.833638 [debug] [MainThread]: running dbt with arguments {'write_json': True, 'use_colors': True, 'printer_width': 80, 'version_check': True, 'partial_parse': True, 'static_parser': True, 'profiles_dir': '/home/akshay/.dbt', 'send_anonymous_usage_stats': True, 'quiet': False, 'no_print': False, 'cache_selected_only': False, 'project_name': 'taxi_tf', 'skip_profile_setup': False, 'which': 'init', 'indirect_selection': 'eager'}
[0m06:54:45.833839 [debug] [MainThread]: Tracking: tracking
[0m06:54:45.843897 [debug] [MainThread]: Sending event: {'category': 'dbt', 'action': 'invocation', 'label': 'start', 'context': [<snowplow_tracker.self_describing_json.SelfDescribingJson object at 0x7f87b9c68550>, <snowplow_tracker.self_describing_json.SelfDescribingJson object at 0x7f87b9c68ee0>, <snowplow_tracker.self_describing_json.SelfDescribingJson object at 0x7f87b9c68d30>]}
[0m06:54:45.844399 [info ] [MainThread]: Creating dbt configuration folder at /home/akshay/.dbt
[0m06:54:45.845469 [debug] [MainThread]: Starter project path: /home/akshay/dev_playground/myvenv/lib/python3.8/site-packages/dbt/include/starter_project
[0m06:54:49.987739 [info ] [MainThread]: Profile taxi_tf written to /home/akshay/.dbt/profiles.yml using target's sample configuration. Once updated, you'll be able to start developing with dbt.
[0m06:54:49.989085 [info ] [MainThread]: 
Your new dbt project "taxi_tf" was created!

For more information on how to configure the profiles.yml file,
please consult the dbt documentation here:

  https://docs.getdbt.com/docs/configure-your-profile

One more thing:

Need help? Don't hesitate to reach out to us via GitHub issues or on Slack:

  https://community.getdbt.com/

Happy modeling!

[0m06:54:49.991195 [debug] [MainThread]: Sending event: {'category': 'dbt', 'action': 'invocation', 'label': 'end', 'context': [<snowplow_tracker.self_describing_json.SelfDescribingJson object at 0x7f87b9c6f220>, <snowplow_tracker.self_describing_json.SelfDescribingJson object at 0x7f87b847c700>, <snowplow_tracker.self_describing_json.SelfDescribingJson object at 0x7f87b9c689a0>]}
[0m06:54:49.992553 [debug] [MainThread]: Flushing usage events


============================== 2023-03-31 07:24:20.297821 | 99501cf8-8049-4db9-b5eb-9b2ee82f1d1e ==============================
[0m07:24:20.297821 [info ] [MainThread]: Running with dbt=1.4.5
[0m07:24:20.298994 [debug] [MainThread]: running dbt with arguments {'write_json': True, 'use_colors': True, 'printer_width': 80, 'version_check': True, 'partial_parse': True, 'static_parser': True, 'profiles_dir': '/home/akshay/.dbt', 'send_anonymous_usage_stats': True, 'quiet': False, 'no_print': False, 'cache_selected_only': False, 'config_dir': False, 'which': 'debug', 'indirect_selection': 'eager'}
[0m07:24:20.299205 [debug] [MainThread]: Tracking: tracking
[0m07:24:20.308414 [debug] [MainThread]: Sending event: {'category': 'dbt', 'action': 'invocation', 'label': 'start', 'context': [<snowplow_tracker.self_describing_json.SelfDescribingJson object at 0x7f6a5b546730>, <snowplow_tracker.self_describing_json.SelfDescribingJson object at 0x7f6a5b546f70>, <snowplow_tracker.self_describing_json.SelfDescribingJson object at 0x7f6a5b5460d0>]}
[0m07:24:20.352557 [debug] [MainThread]: Executing "git --help"
[0m07:24:20.356684 [debug] [MainThread]: STDOUT: "b"usage: git [--version] [--help] [-C <path>] [-c <name>=<value>]\n           [--exec-path[=<path>]] [--html-path] [--man-path] [--info-path]\n           [-p | --paginate | -P | --no-pager] [--no-replace-objects] [--bare]\n           [--git-dir=<path>] [--work-tree=<path>] [--namespace=<name>]\n           <command> [<args>]\n\nThese are common Git commands used in various situations:\n\nstart a working area (see also: git help tutorial)\n   clone             Clone a repository into a new directory\n   init              Create an empty Git repository or reinitialize an existing one\n\nwork on the current change (see also: git help everyday)\n   add               Add file contents to the index\n   mv                Move or rename a file, a directory, or a symlink\n   restore           Restore working tree files\n   rm                Remove files from the working tree and from the index\n   sparse-checkout   Initialize and modify the sparse-checkout\n\nexamine the history and state (see also: git help revisions)\n   bisect            Use binary search to find the commit that introduced a bug\n   diff              Show changes between commits, commit and working tree, etc\n   grep              Print lines matching a pattern\n   log               Show commit logs\n   show              Show various types of objects\n   status            Show the working tree status\n\ngrow, mark and tweak your common history\n   branch            List, create, or delete branches\n   commit            Record changes to the repository\n   merge             Join two or more development histories together\n   rebase            Reapply commits on top of another base tip\n   reset             Reset current HEAD to the specified state\n   switch            Switch branches\n   tag               Create, list, delete or verify a tag object signed with GPG\n\ncollaborate (see also: git help workflows)\n   fetch             Download objects and refs from another repository\n   pull              Fetch from and integrate with another repository or a local branch\n   push              Update remote refs along with associated objects\n\n'git help -a' and 'git help -g' list available subcommands and some\nconcept guides. See 'git help <command>' or 'git help <concept>'\nto read about a specific subcommand or concept.\nSee 'git help git' for an overview of the system.\n""
[0m07:24:20.357169 [debug] [MainThread]: STDERR: "b''"
[0m07:24:20.362731 [debug] [MainThread]: Acquiring new postgres connection 'debug'
[0m07:24:20.363255 [debug] [MainThread]: Using postgres connection "debug"
[0m07:24:20.363538 [debug] [MainThread]: On debug: select 1 as id
[0m07:24:20.363802 [debug] [MainThread]: Opening a new connection, currently in state init
[0m07:24:20.376419 [debug] [MainThread]: SQL status: SELECT 1 in 0 seconds
[0m07:24:20.377675 [debug] [MainThread]: On debug: Close
[0m07:24:20.378154 [debug] [MainThread]: Sending event: {'category': 'dbt', 'action': 'invocation', 'label': 'end', 'context': [<snowplow_tracker.self_describing_json.SelfDescribingJson object at 0x7f6a5b5b54f0>, <snowplow_tracker.self_describing_json.SelfDescribingJson object at 0x7f6a5b5b5250>, <snowplow_tracker.self_describing_json.SelfDescribingJson object at 0x7f6a5b5b5a30>]}
[0m07:24:20.378527 [debug] [MainThread]: Flushing usage events
[0m07:24:24.076812 [debug] [MainThread]: Connection 'debug' was properly closed.


============================== 2023-04-06 12:01:59.591742 | c3fa8235-cef9-440c-81f9-7f5bcf10ba5d ==============================
[0m12:01:59.591742 [info ] [MainThread]: Running with dbt=1.4.5
[0m12:01:59.592795 [debug] [MainThread]: running dbt with arguments {'write_json': True, 'use_colors': True, 'printer_width': 80, 'version_check': True, 'partial_parse': True, 'static_parser': True, 'profiles_dir': '/root/.dbt', 'send_anonymous_usage_stats': True, 'quiet': False, 'no_print': False, 'cache_selected_only': False, 'config_dir': False, 'which': 'debug', 'indirect_selection': 'eager'}
[0m12:01:59.593497 [debug] [MainThread]: Tracking: tracking
[0m12:01:59.604335 [debug] [MainThread]: Sending event: {'category': 'dbt', 'action': 'invocation', 'label': 'start', 'context': [<snowplow_tracker.self_describing_json.SelfDescribingJson object at 0x7f3055139f10>, <snowplow_tracker.self_describing_json.SelfDescribingJson object at 0x7f30551391c0>, <snowplow_tracker.self_describing_json.SelfDescribingJson object at 0x7f3055134cd0>]}
[0m12:01:59.828866 [debug] [MainThread]: Executing "git --help"
[0m12:01:59.841212 [debug] [MainThread]: STDOUT: "b"usage: git [--version] [--help] [-C <path>] [-c <name>=<value>]\n           [--exec-path[=<path>]] [--html-path] [--man-path] [--info-path]\n           [-p | --paginate | -P | --no-pager] [--no-replace-objects] [--bare]\n           [--git-dir=<path>] [--work-tree=<path>] [--namespace=<name>]\n           <command> [<args>]\n\nThese are common Git commands used in various situations:\n\nstart a working area (see also: git help tutorial)\n   clone             Clone a repository into a new directory\n   init              Create an empty Git repository or reinitialize an existing one\n\nwork on the current change (see also: git help everyday)\n   add               Add file contents to the index\n   mv                Move or rename a file, a directory, or a symlink\n   restore           Restore working tree files\n   rm                Remove files from the working tree and from the index\n   sparse-checkout   Initialize and modify the sparse-checkout\n\nexamine the history and state (see also: git help revisions)\n   bisect            Use binary search to find the commit that introduced a bug\n   diff              Show changes between commits, commit and working tree, etc\n   grep              Print lines matching a pattern\n   log               Show commit logs\n   show              Show various types of objects\n   status            Show the working tree status\n\ngrow, mark and tweak your common history\n   branch            List, create, or delete branches\n   commit            Record changes to the repository\n   merge             Join two or more development histories together\n   rebase            Reapply commits on top of another base tip\n   reset             Reset current HEAD to the specified state\n   switch            Switch branches\n   tag               Create, list, delete or verify a tag object signed with GPG\n\ncollaborate (see also: git help workflows)\n   fetch             Download objects and refs from another repository\n   pull              Fetch from and integrate with another repository or a local branch\n   push              Update remote refs along with associated objects\n\n'git help -a' and 'git help -g' list available subcommands and some\nconcept guides. See 'git help <command>' or 'git help <concept>'\nto read about a specific subcommand or concept.\nSee 'git help git' for an overview of the system.\n""
[0m12:01:59.842046 [debug] [MainThread]: STDERR: "b''"
[0m12:01:59.847904 [debug] [MainThread]: Acquiring new postgres connection 'debug'
[0m12:01:59.849037 [debug] [MainThread]: Using postgres connection "debug"
[0m12:01:59.849663 [debug] [MainThread]: On debug: select 1 as id
[0m12:01:59.850157 [debug] [MainThread]: Opening a new connection, currently in state init
[0m12:01:59.937594 [debug] [MainThread]: SQL status: SELECT 1 in 0 seconds
[0m12:01:59.938519 [debug] [MainThread]: On debug: Close
[0m12:01:59.939006 [debug] [MainThread]: Sending event: {'category': 'dbt', 'action': 'invocation', 'label': 'end', 'context': [<snowplow_tracker.self_describing_json.SelfDescribingJson object at 0x7f3053943760>, <snowplow_tracker.self_describing_json.SelfDescribingJson object at 0x7f3053943a60>, <snowplow_tracker.self_describing_json.SelfDescribingJson object at 0x7f3056171b50>]}
[0m12:01:59.939445 [debug] [MainThread]: Flushing usage events
[0m12:02:01.671087 [debug] [MainThread]: Connection 'debug' was properly closed.
